2025-04-15 21:28:05,927 - __main__ - ERROR - Error connecting to MySQL database: 1045 (28000): Access denied for user 'root'@'localhost' (using password: NO)
2025-04-15 21:28:05,928 - __main__ - ERROR - Error testing database connection: 1045 (28000): Access denied for user 'root'@'localhost' (using password: NO)
2025-04-15 21:28:05,928 - __main__ - ERROR - Database error: 1045 (28000): Access denied for user 'root'@'localhost' (using password: NO)
2025-04-15 21:28:05,928 - __main__ - INFO - Retrying operation in 2 seconds... (Attempt 1/5)
2025-04-15 21:28:07,944 - __main__ - ERROR - Error connecting to MySQL database: 1045 (28000): Access denied for user 'root'@'localhost' (using password: NO)
2025-04-15 21:28:07,945 - __main__ - ERROR - Error testing database connection: 1045 (28000): Access denied for user 'root'@'localhost' (using password: NO)
2025-04-15 21:28:07,946 - __main__ - ERROR - Database error: 1045 (28000): Access denied for user 'root'@'localhost' (using password: NO)
2025-04-15 21:28:07,947 - __main__ - INFO - Retrying operation in 2 seconds... (Attempt 2/5)
2025-04-15 21:28:09,979 - __main__ - ERROR - Error connecting to MySQL database: 1045 (28000): Access denied for user 'root'@'localhost' (using password: NO)
2025-04-15 21:28:09,980 - __main__ - ERROR - Error testing database connection: 1045 (28000): Access denied for user 'root'@'localhost' (using password: NO)
2025-04-15 21:28:09,981 - __main__ - ERROR - Database error: 1045 (28000): Access denied for user 'root'@'localhost' (using password: NO)
2025-04-15 21:28:09,982 - __main__ - INFO - Retrying operation in 2 seconds... (Attempt 3/5)
2025-04-15 21:28:12,007 - __main__ - ERROR - Error connecting to MySQL database: 1045 (28000): Access denied for user 'root'@'localhost' (using password: NO)
2025-04-15 21:28:12,008 - __main__ - ERROR - Error testing database connection: 1045 (28000): Access denied for user 'root'@'localhost' (using password: NO)
2025-04-15 21:28:12,008 - __main__ - ERROR - Database error: 1045 (28000): Access denied for user 'root'@'localhost' (using password: NO)
2025-04-15 21:28:12,009 - __main__ - INFO - Retrying operation in 2 seconds... (Attempt 4/5)
2025-04-15 21:28:14,025 - __main__ - ERROR - Error connecting to MySQL database: 1045 (28000): Access denied for user 'root'@'localhost' (using password: NO)
2025-04-15 21:28:14,026 - __main__ - ERROR - Error testing database connection: 1045 (28000): Access denied for user 'root'@'localhost' (using password: NO)
2025-04-15 21:28:14,026 - __main__ - ERROR - Database error: 1045 (28000): Access denied for user 'root'@'localhost' (using password: NO)
2025-04-15 21:28:14,026 - __main__ - ERROR - Database connection test failed: 1045 (28000): Access denied for user 'root'@'localhost' (using password: NO)
2025-04-15 21:28:14,026 - __main__ - WARNING - Application may not function correctly without database connection
2025-04-15 21:28:30,853 - __main__ - INFO - Connected to MySQL Server version 8.0.39
2025-04-15 21:28:30,856 - __main__ - INFO - Connected to database: creator_info
2025-04-15 21:28:30,856 - __main__ - INFO - Database connection test successful
2025-04-15 21:28:30,894 - werkzeug - INFO - [31m[1mWARNING: This is a development server. Do not use it in a production deployment. Use a production WSGI server instead.[0m
 * Running on all addresses (0.0.0.0)
 * Running on http://127.0.0.1:5000
 * Running on http://192.168.0.103:5000
2025-04-15 21:28:30,895 - werkzeug - INFO - [33mPress CTRL+C to quit[0m
